BeWith/unityLibrary/build/intermediates/manifest_merge_blame_file/debug/manifest-merger-blame-debug-report.txt
1<?xml version="1.0" encoding="utf-8"?>
2<!-- GENERATED BY UNITY. REMOVE THIS COMMENT TO PREVENT OVERWRITING WHEN EXPORTING AGAIN -->
3<manifest xmlns:android="http://schemas.android.com/apk/res/android"
4    xmlns:tools="http://schemas.android.com/tools"
5    package="com.unity3d.player" >
6
7    <uses-sdk
8        android:minSdkVersion="24"
8-->src\main\AndroidManifest.xml
9        android:targetSdkVersion="30" />
9-->src\main\AndroidManifest.xml
10
11    <uses-feature android:glEsVersion="0x00030000" />
11-->src\main\AndroidManifest.xml:49:5-54
11-->src\main\AndroidManifest.xml:49:19-51
12
13    <uses-permission android:name="android.permission.INTERNET" />
13-->src\main\AndroidManifest.xml:51:5-67
13-->src\main\AndroidManifest.xml:51:22-64
14    <uses-permission android:name="android.permission.ACCESS_FINE_LOCATION" />
14-->src\main\AndroidManifest.xml:52:5-79
14-->src\main\AndroidManifest.xml:52:22-76
15
16    <uses-feature
16-->src\main\AndroidManifest.xml:54:5-56:36
17        android:name="android.hardware.location.gps"
17-->src\main\AndroidManifest.xml:55:9-53
18        android:required="false" />
18-->src\main\AndroidManifest.xml:56:9-33
19    <uses-feature
19-->src\main\AndroidManifest.xml:57:5-59:36
20        android:name="android.hardware.location"
20-->src\main\AndroidManifest.xml:58:9-49
21        android:required="false" />
21-->src\main\AndroidManifest.xml:59:9-33
22
23    <uses-permission android:name="android.permission.WRITE_EXTERNAL_STORAGE" />
23-->src\main\AndroidManifest.xml:61:5-81
23-->src\main\AndroidManifest.xml:61:22-78
24
25    <uses-feature
25-->src\main\AndroidManifest.xml:63:5-65:36
26        android:name="android.hardware.touchscreen"
26-->src\main\AndroidManifest.xml:64:9-52
27        android:required="false" />
27-->src\main\AndroidManifest.xml:65:9-33
28    <uses-feature
28-->src\main\AndroidManifest.xml:66:5-68:36
29        android:name="android.hardware.touchscreen.multitouch"
29-->src\main\AndroidManifest.xml:67:9-63
30        android:required="false" />
30-->src\main\AndroidManifest.xml:68:9-33
31    <uses-feature
31-->src\main\AndroidManifest.xml:69:5-71:36
32        android:name="android.hardware.touchscreen.multitouch.distinct"
32-->src\main\AndroidManifest.xml:70:9-72
33        android:required="false" />
33-->src\main\AndroidManifest.xml:71:9-33
34
35    <uses-permission android:name="android.permission.CAMERA" />
35-->src\main\AndroidManifest.xml:73:5-65
35-->src\main\AndroidManifest.xml:73:22-62
36
37    <uses-feature
37-->src\main\AndroidManifest.xml:74:5-76:35
38        android:name="android.hardware.camera.ar"
38-->src\main\AndroidManifest.xml:75:9-50
39        android:required="true" />
39-->src\main\AndroidManifest.xml:76:9-32
40
41    <application android:requestLegacyExternalStorage="true" >
41-->src\main\AndroidManifest.xml:6:5-48:19
41-->src\main\AndroidManifest.xml:7:9-52
42        <activity
42-->src\main\AndroidManifest.xml:8:9-25:20
43            android:name="com.unity3d.player.UnityPlayerActivity"
43-->src\main\AndroidManifest.xml:11:13-66
44            android:configChanges="mcc|mnc|locale|touchscreen|keyboard|keyboardHidden|navigation|orientation|screenLayout|uiMode|screenSize|smallestScreenSize|fontScale|layoutDirection|density"
44-->src\main\AndroidManifest.xml:12:13-194
45            android:exported="true"
45-->src\main\AndroidManifest.xml:10:13-36
46            android:hardwareAccelerated="false"
46-->src\main\AndroidManifest.xml:13:13-48
47            android:launchMode="singleTask"
47-->src\main\AndroidManifest.xml:14:13-44
48            android:process=":unityplayer"
48-->src\main\AndroidManifest.xml:9:13-43
49            android:resizeableActivity="false"
49-->src\main\AndroidManifest.xml:15:13-47
50            android:screenOrientation="fullSensor"
50-->src\main\AndroidManifest.xml:16:13-51
51            android:theme="@style/UnityThemeSelector" >
51-->src\main\AndroidManifest.xml:17:13-54
52            <meta-data
52-->src\main\AndroidManifest.xml:19:13-21:40
53                android:name="unityplayer.UnityActivity"
53-->src\main\AndroidManifest.xml:20:17-57
54                android:value="true" />
54-->src\main\AndroidManifest.xml:21:17-37
55            <meta-data
55-->src\main\AndroidManifest.xml:22:13-24:40
56                android:name="android.notch_support"
56-->src\main\AndroidManifest.xml:23:17-53
57                android:value="true" />
57-->src\main\AndroidManifest.xml:24:17-37
58        </activity>
59
60        <meta-data
60-->src\main\AndroidManifest.xml:27:9-29:33
61            android:name="unity.splash-mode"
61-->src\main\AndroidManifest.xml:28:13-45
62            android:value="0" />
62-->src\main\AndroidManifest.xml:29:13-30
63        <meta-data
63-->src\main\AndroidManifest.xml:30:9-32:36
64            android:name="unity.splash-enable"
64-->src\main\AndroidManifest.xml:31:13-47
65            android:value="True" />
65-->src\main\AndroidManifest.xml:32:13-33
66        <meta-data
66-->src\main\AndroidManifest.xml:33:9-35:37
67            android:name="unity.allow-resizable-window"
67-->src\main\AndroidManifest.xml:34:13-56
68            android:value="False" />
68-->src\main\AndroidManifest.xml:35:13-34
69        <meta-data
69-->src\main\AndroidManifest.xml:36:9-38:50
70            android:name="notch.config"
70-->src\main\AndroidManifest.xml:37:13-40
71            android:value="portrait|landscape" />
71-->src\main\AndroidManifest.xml:38:13-47
72        <meta-data
72-->src\main\AndroidManifest.xml:39:9-41:68
73            android:name="unity.build-id"
73-->src\main\AndroidManifest.xml:40:13-42
74            android:value="46aab470-e373-454b-8898-6c35908d4bc2" />
74-->src\main\AndroidManifest.xml:41:13-65
75        <meta-data
75-->src\main\AndroidManifest.xml:42:9-44:36
76            android:name="unityplayer.SkipPermissionsDialog"
76-->src\main\AndroidManifest.xml:43:13-61
77            android:value="true" />
77-->src\main\AndroidManifest.xml:44:13-33
78        <meta-data
78-->src\main\AndroidManifest.xml:45:9-47:40
79            android:name="com.google.ar.core"
79-->src\main\AndroidManifest.xml:46:13-46
80            android:value="required" />
80-->src\main\AndroidManifest.xml:47:13-37
81    </application>
82
83</manifest>